CRITICAL - 2020-08-07 00:00:19 --> Allowed fields must be specified for model: App\Models\NewsModel
#0 C:\laragon\www\Shop\system\Model.php(1265): CodeIgniter\Database\Exceptions\DataException::forInvalidAllowedFields('App\\Models\\News...')
#1 C:\laragon\www\Shop\system\Model.php(870): CodeIgniter\Model->doProtectFields(Array)
#2 C:\laragon\www\Shop\app\Controllers\Contacts.php(95): CodeIgniter\Model->update(Array, Array)
#3 C:\laragon\www\Shop\system\CodeIgniter.php(918): App\Controllers\Contacts->update()
#4 C:\laragon\www\Shop\system\CodeIgniter.php(404): CodeIgniter\CodeIgniter->runController(Object(App\Controllers\Contacts))
#5 C:\laragon\www\Shop\system\CodeIgniter.php(312): CodeIgniter\CodeIgniter->handleRequest(NULL, Object(Config\Cache), false)
#6 C:\laragon\www\Shop\public\index.php(45): CodeIgniter\CodeIgniter->run()
#7 C:\laragon\www\Shop\system\Commands\Server\rewrite.php(34): require_once('C:\\laragon\\www\\...')
#8 {main}
CRITICAL - 2020-08-07 00:04:54 --> Argument 1 passed to CodeIgniter\Database\BaseBuilder::update() must be of the type array or null, string given, called in C:\laragon\www\Shop\app\Controllers\Contacts.php on line 97
#0 C:\laragon\www\Shop\app\Controllers\Contacts.php(97): CodeIgniter\Database\BaseBuilder->update('70', Array)
#1 C:\laragon\www\Shop\system\CodeIgniter.php(918): App\Controllers\Contacts->update()
#2 C:\laragon\www\Shop\system\CodeIgniter.php(404): CodeIgniter\CodeIgniter->runController(Object(App\Controllers\Contacts))
#3 C:\laragon\www\Shop\system\CodeIgniter.php(312): CodeIgniter\CodeIgniter->handleRequest(NULL, Object(Config\Cache), false)
#4 C:\laragon\www\Shop\public\index.php(45): CodeIgniter\CodeIgniter->run()
#5 C:\laragon\www\Shop\system\Commands\Server\rewrite.php(34): require_once('C:\\laragon\\www\\...')
#6 {main}
CRITICAL - 2020-08-07 00:10:06 --> Undefined variable: builder
#0 C:\laragon\www\Shop\app\Controllers\Contacts.php(97): CodeIgniter\Debug\Exceptions->errorHandler(8, 'Undefined varia...', 'C:\\laragon\\www\\...', 97, Array)
#1 C:\laragon\www\Shop\system\CodeIgniter.php(918): App\Controllers\Contacts->update()
#2 C:\laragon\www\Shop\system\CodeIgniter.php(404): CodeIgniter\CodeIgniter->runController(Object(App\Controllers\Contacts))
#3 C:\laragon\www\Shop\system\CodeIgniter.php(312): CodeIgniter\CodeIgniter->handleRequest(NULL, Object(Config\Cache), false)
#4 C:\laragon\www\Shop\public\index.php(45): CodeIgniter\CodeIgniter->run()
#5 C:\laragon\www\Shop\system\Commands\Server\rewrite.php(34): require_once('C:\\laragon\\www\\...')
#6 {main}
