CRITICAL - 2020-08-05 00:58:36 --> Class 'Shop\Controller' not found
#0 [internal function]: CodeIgniter\Debug\Exceptions->shutdownHandler()
#1 {main}
CRITICAL - 2020-08-05 01:06:33 --> syntax error, unexpected '}', expecting ';'
#0 C:\laragon\www\Shop\system\Autoloader\Autoloader.php(296): CodeIgniter\Autoloader\Autoloader->requireFile('C:\\laragon\\www\\...')
#1 C:\laragon\www\Shop\system\Autoloader\Autoloader.php(258): CodeIgniter\Autoloader\Autoloader->loadInNamespace('App\\Controllers...')
#2 [internal function]: CodeIgniter\Autoloader\Autoloader->loadClass('App\\Controllers...')
#3 [internal function]: spl_autoload_call('App\\Controllers...')
#4 C:\laragon\www\Shop\system\CodeIgniter.php(869): class_exists('\\App\\Controller...', true)
#5 C:\laragon\www\Shop\system\CodeIgniter.php(394): CodeIgniter\CodeIgniter->startController()
#6 C:\laragon\www\Shop\system\CodeIgniter.php(312): CodeIgniter\CodeIgniter->handleRequest(NULL, Object(Config\Cache), false)
#7 C:\laragon\www\Shop\public\index.php(45): CodeIgniter\CodeIgniter->run()
#8 C:\laragon\www\Shop\system\Commands\Server\rewrite.php(34): require_once('C:\\laragon\\www\\...')
#9 {main}
CRITICAL - 2020-08-05 01:24:11 --> Class 'shop\Controller' not found
#0 [internal function]: CodeIgniter\Debug\Exceptions->shutdownHandler()
#1 {main}
CRITICAL - 2020-08-05 19:44:07 --> Class 'App\Controllers\Newmobile' not found
#0 C:\laragon\www\Shop\system\CodeIgniter.php(918): App\Controllers\Pages->view('about')
#1 C:\laragon\www\Shop\system\CodeIgniter.php(404): CodeIgniter\CodeIgniter->runController(Object(App\Controllers\Pages))
#2 C:\laragon\www\Shop\system\CodeIgniter.php(312): CodeIgniter\CodeIgniter->handleRequest(NULL, Object(Config\Cache), false)
#3 C:\laragon\www\Shop\public\index.php(45): CodeIgniter\CodeIgniter->run()
#4 C:\laragon\www\Shop\system\Commands\Server\rewrite.php(34): require_once('C:\\laragon\\www\\...')
#5 {main}
CRITICAL - 2020-08-05 19:45:04 --> Class 'App\Controllers\Newmobile' not found
#0 C:\laragon\www\Shop\system\CodeIgniter.php(918): App\Controllers\Pages->view('about')
#1 C:\laragon\www\Shop\system\CodeIgniter.php(404): CodeIgniter\CodeIgniter->runController(Object(App\Controllers\Pages))
#2 C:\laragon\www\Shop\system\CodeIgniter.php(312): CodeIgniter\CodeIgniter->handleRequest(NULL, Object(Config\Cache), false)
#3 C:\laragon\www\Shop\public\index.php(45): CodeIgniter\CodeIgniter->run()
#4 C:\laragon\www\Shop\system\Commands\Server\rewrite.php(34): require_once('C:\\laragon\\www\\...')
#5 {main}
CRITICAL - 2020-08-05 19:45:14 --> Class 'App\Controllers\Newmobile' not found
#0 C:\laragon\www\Shop\system\CodeIgniter.php(918): App\Controllers\Pages->view('home')
#1 C:\laragon\www\Shop\system\CodeIgniter.php(404): CodeIgniter\CodeIgniter->runController(Object(App\Controllers\Pages))
#2 C:\laragon\www\Shop\system\CodeIgniter.php(312): CodeIgniter\CodeIgniter->handleRequest(NULL, Object(Config\Cache), false)
#3 C:\laragon\www\Shop\public\index.php(45): CodeIgniter\CodeIgniter->run()
#4 C:\laragon\www\Shop\system\Commands\Server\rewrite.php(34): require_once('C:\\laragon\\www\\...')
#5 {main}
CRITICAL - 2020-08-05 19:45:45 --> Class 'App\Controllers\NewsModel' not found
#0 C:\laragon\www\Shop\system\CodeIgniter.php(918): App\Controllers\Pages->view('home')
#1 C:\laragon\www\Shop\system\CodeIgniter.php(404): CodeIgniter\CodeIgniter->runController(Object(App\Controllers\Pages))
#2 C:\laragon\www\Shop\system\CodeIgniter.php(312): CodeIgniter\CodeIgniter->handleRequest(NULL, Object(Config\Cache), false)
#3 C:\laragon\www\Shop\public\index.php(45): CodeIgniter\CodeIgniter->run()
#4 C:\laragon\www\Shop\system\Commands\Server\rewrite.php(34): require_once('C:\\laragon\\www\\...')
#5 {main}
CRITICAL - 2020-08-05 19:46:03 --> Class 'App\Controllers\NewsModel' not found
#0 C:\laragon\www\Shop\system\CodeIgniter.php(918): App\Controllers\Pages->view('about')
#1 C:\laragon\www\Shop\system\CodeIgniter.php(404): CodeIgniter\CodeIgniter->runController(Object(App\Controllers\Pages))
#2 C:\laragon\www\Shop\system\CodeIgniter.php(312): CodeIgniter\CodeIgniter->handleRequest(NULL, Object(Config\Cache), false)
#3 C:\laragon\www\Shop\public\index.php(45): CodeIgniter\CodeIgniter->run()
#4 C:\laragon\www\Shop\system\Commands\Server\rewrite.php(34): require_once('C:\\laragon\\www\\...')
#5 {main}
CRITICAL - 2020-08-05 19:55:35 --> Class 'App\Controllers\NewsModel' not found
#0 C:\laragon\www\Shop\system\CodeIgniter.php(918): App\Controllers\Pages->view('about')
#1 C:\laragon\www\Shop\system\CodeIgniter.php(404): CodeIgniter\CodeIgniter->runController(Object(App\Controllers\Pages))
#2 C:\laragon\www\Shop\system\CodeIgniter.php(312): CodeIgniter\CodeIgniter->handleRequest(NULL, Object(Config\Cache), false)
#3 C:\laragon\www\Shop\public\index.php(45): CodeIgniter\CodeIgniter->run()
#4 C:\laragon\www\Shop\system\Commands\Server\rewrite.php(34): require_once('C:\\laragon\\www\\...')
#5 {main}
CRITICAL - 2020-08-05 19:55:35 --> Class 'App\Controllers\NewsModel' not found
#0 C:\laragon\www\Shop\system\CodeIgniter.php(918): App\Controllers\Pages->view('about')
#1 C:\laragon\www\Shop\system\CodeIgniter.php(404): CodeIgniter\CodeIgniter->runController(Object(App\Controllers\Pages))
#2 C:\laragon\www\Shop\system\CodeIgniter.php(312): CodeIgniter\CodeIgniter->handleRequest(NULL, Object(Config\Cache), false)
#3 C:\laragon\www\Shop\public\index.php(45): CodeIgniter\CodeIgniter->run()
#4 C:\laragon\www\Shop\system\Commands\Server\rewrite.php(34): require_once('C:\\laragon\\www\\...')
#5 {main}
CRITICAL - 2020-08-05 19:55:56 --> Class 'App\Controllers\NewsModel' not found
#0 C:\laragon\www\Shop\system\CodeIgniter.php(918): App\Controllers\Pages->view('home')
#1 C:\laragon\www\Shop\system\CodeIgniter.php(404): CodeIgniter\CodeIgniter->runController(Object(App\Controllers\Pages))
#2 C:\laragon\www\Shop\system\CodeIgniter.php(312): CodeIgniter\CodeIgniter->handleRequest(NULL, Object(Config\Cache), false)
#3 C:\laragon\www\Shop\public\index.php(45): CodeIgniter\CodeIgniter->run()
#4 C:\laragon\www\Shop\system\Commands\Server\rewrite.php(34): require_once('C:\\laragon\\www\\...')
#5 {main}
CRITICAL - 2020-08-05 20:00:34 --> Class 'App\Controllers\NewsModel' not found
#0 C:\laragon\www\Shop\system\CodeIgniter.php(918): App\Controllers\Pages->view('home')
#1 C:\laragon\www\Shop\system\CodeIgniter.php(404): CodeIgniter\CodeIgniter->runController(Object(App\Controllers\Pages))
#2 C:\laragon\www\Shop\system\CodeIgniter.php(312): CodeIgniter\CodeIgniter->handleRequest(NULL, Object(Config\Cache), false)
#3 C:\laragon\www\Shop\public\index.php(45): CodeIgniter\CodeIgniter->run()
#4 C:\laragon\www\Shop\system\Commands\Server\rewrite.php(34): require_once('C:\\laragon\\www\\...')
#5 {main}
CRITICAL - 2020-08-05 20:00:34 --> Class 'App\Controllers\NewsModel' not found
#0 C:\laragon\www\Shop\system\CodeIgniter.php(918): App\Controllers\Pages->view('home')
#1 C:\laragon\www\Shop\system\CodeIgniter.php(404): CodeIgniter\CodeIgniter->runController(Object(App\Controllers\Pages))
#2 C:\laragon\www\Shop\system\CodeIgniter.php(312): CodeIgniter\CodeIgniter->handleRequest(NULL, Object(Config\Cache), false)
#3 C:\laragon\www\Shop\public\index.php(45): CodeIgniter\CodeIgniter->run()
#4 C:\laragon\www\Shop\system\Commands\Server\rewrite.php(34): require_once('C:\\laragon\\www\\...')
#5 {main}
CRITICAL - 2020-08-05 20:00:35 --> Class 'App\Controllers\NewsModel' not found
#0 C:\laragon\www\Shop\system\CodeIgniter.php(918): App\Controllers\Pages->view('home')
#1 C:\laragon\www\Shop\system\CodeIgniter.php(404): CodeIgniter\CodeIgniter->runController(Object(App\Controllers\Pages))
#2 C:\laragon\www\Shop\system\CodeIgniter.php(312): CodeIgniter\CodeIgniter->handleRequest(NULL, Object(Config\Cache), false)
#3 C:\laragon\www\Shop\public\index.php(45): CodeIgniter\CodeIgniter->run()
#4 C:\laragon\www\Shop\system\Commands\Server\rewrite.php(34): require_once('C:\\laragon\\www\\...')
#5 {main}
CRITICAL - 2020-08-05 20:00:35 --> Class 'App\Controllers\NewsModel' not found
#0 C:\laragon\www\Shop\system\CodeIgniter.php(918): App\Controllers\Pages->view('home')
#1 C:\laragon\www\Shop\system\CodeIgniter.php(404): CodeIgniter\CodeIgniter->runController(Object(App\Controllers\Pages))
#2 C:\laragon\www\Shop\system\CodeIgniter.php(312): CodeIgniter\CodeIgniter->handleRequest(NULL, Object(Config\Cache), false)
#3 C:\laragon\www\Shop\public\index.php(45): CodeIgniter\CodeIgniter->run()
#4 C:\laragon\www\Shop\system\Commands\Server\rewrite.php(34): require_once('C:\\laragon\\www\\...')
#5 {main}
